#
# A fatal error has been detected by the Java Runtime Environment:
#
#  EXCEPTION_ACCESS_VIOLATION (0xc0000005) at pc=0x6ca8ac3d, pid=14628, tid=11444
#
# JRE version: Java(TM) SE Runtime Environment (8.0_77-b03) (build 1.8.0_77-b03)
# Java VM: Java HotSpot(TM) Client VM (25.77-b03 mixed mode windows-x86 )
# Problematic frame:
# V  [jvm.dll+0xcac3d]
#
# Failed to write core dump. Minidumps are not enabled by default on client versions of Windows
#
# If you would like to submit a bug report, please visit:
#   http://bugreport.java.com/bugreport/crash.jsp
#

---------------  T H R E A D  ---------------

Current thread (0x14c93000):  JavaThread "JDWP Transport Listener: dt_socket" daemon [_thread_in_vm, id=11444, stack(0x15510000,0x15560000)]

siginfo: ExceptionCode=0xc0000005, reading address 0x00003b00

Registers:
EAX=0x00003b00, EBX=0x00000000, ECX=0x00003b00, EDX=0x00000000
ESP=0x1555f8f8, EBP=0x1555f8fc, ESI=0x14c93000, EDI=0x010a7b48
EIP=0x6ca8ac3d, EFLAGS=0x00010206

Top of Stack: (sp=0x1555f8f8)
0x1555f8f8:   14c93000 1555f924 6cbe7d34 00003b00
0x1555f908:   1555f9dc 1555f95f 14c93000 00000000
0x1555f918:   00000000 00000000 14c93000 1555f960
0x1555f928:   6ab59f80 010a7b48 00003b00 1555f95f
0x1555f938:   00003b00 6ab4436d 00003b00 1555f95f
0x1555f948:   0000000b 00000000 00000000 00000009
0x1555f958:   00000000 00c8a9f0 1555f980 6ab444e0
0x1555f968:   00000001 1555f99c 1555f9d8 02679aa8 

Instructions: (pc=0x6ca8ac3d)
0x6ca8ac1d:   5d c3 52 e8 5b f9 ff ff 5d c3 cc cc cc cc cc cc
0x6ca8ac2d:   cc cc cc 55 8b ec 8b 45 08 85 c0 75 02 5d c3 56
0x6ca8ac3d:   8b 30 85 f6 74 17 83 fe 37 74 12 8b 06 8b 50 08
0x6ca8ac4d:   8b ce ff d2 84 c0 74 05 8b c6 5e 5d c3 33 c0 5e 


Register to memory mapping:

EAX=0x00003b00 is an unknown value
EBX=0x00000000 is an unknown value
ECX=0x00003b00 is an unknown value
EDX=0x00000000 is an unknown value
ESP=0x1555f8f8 is pointing into the stack for thread: 0x14c93000
EBP=0x1555f8fc is pointing into the stack for thread: 0x14c93000
ESI=0x14c93000 is a thread
EDI=0x010a7b48 is an unknown value


Stack: [0x15510000,0x15560000],  sp=0x1555f8f8,  free space=318k
Native frames: (J=compiled Java code, j=interpreted, Vv=VM code, C=native code)
V  [jvm.dll+0xcac3d]
V  [jvm.dll+0x227d34]
C  [jdwp.dll+0x19f80]
C  [jdwp.dll+0x44e0]
C  [jdwp.dll+0x451e]
C  0x52d21401


---------------  P R O C E S S  ---------------

Java Threads: ( => current thread )
  0x14cc5400 JavaThread "Service Thread" daemon [_thread_blocked, id=14344, stack(0x15750000,0x157a0000)]
  0x14ca2800 JavaThread "C1 CompilerThread0" daemon [_thread_blocked, id=9888, stack(0x156c0000,0x15710000)]
  0x14c98000 JavaThread "JDWP Command Reader" daemon [_thread_in_native, id=14700, stack(0x15630000,0x15680000)]
  0x14c95000 JavaThread "JDWP Event Helper Thread" daemon [_thread_blocked, id=10736, stack(0x155a0000,0x155f0000)]
=>0x14c93000 JavaThread "JDWP Transport Listener: dt_socket" daemon [_thread_in_vm, id=11444, stack(0x15510000,0x15560000)]
  0x14c8e800 JavaThread "Attach Listener" daemon [_thread_blocked, id=15280, stack(0x15100000,0x15150000)]
  0x14c8d800 JavaThread "Signal Dispatcher" daemon [_thread_blocked, id=13496, stack(0x15070000,0x150c0000)]
  0x14c79800 JavaThread "Finalizer" daemon [_thread_blocked, id=12868, stack(0x14ef0000,0x14f40000)]
  0x0268e800 JavaThread "Reference Handler" daemon [_thread_blocked, id=12400, stack(0x14e60000,0x14eb0000)]
  0x010ac800 JavaThread "main" [_thread_blocked, id=15224, stack(0x00fc0000,0x01010000)]

Other Threads:
  0x0268d000 VMThread [stack: 0x04760000,0x047b0000] [id=11400]
  0x14cd1800 WatcherThread [stack: 0x157e0000,0x15830000] [id=10788]

VM state:not at safepoint (normal execution)

VM Mutex/Monitor currently owned by a thread: None

Heap:
 def new generation   total 4928K, used 981K [0x04800000, 0x04d50000, 0x09d50000)
  eden space 4416K,  22% used [0x04800000, 0x048f5500, 0x04c50000)
  from space 512K,   0% used [0x04c50000, 0x04c50000, 0x04cd0000)
  to   space 512K,   0% used [0x04cd0000, 0x04cd0000, 0x04d50000)
 tenured generation   total 10944K, used 0K [0x09d50000, 0x0a800000, 0x14800000)
   the space 10944K,   0% used [0x09d50000, 0x09d50000, 0x09d50200, 0x0a800000)
 Metaspace       used 2262K, capacity 2408K, committed 2496K, reserved 4480K

Card table byte_map: [0x04690000,0x04720000] byte_map_base: 0x0466c000

Polling page: 0x00ec0000

CodeCache: size=32768Kb used=705Kb max_used=705Kb free=32062Kb
 bounds [0x02690000, 0x02748000, 0x04690000]
 total_blobs=159 nmethods=25 adapters=74
 compilation: enabled

Compilation events (10 events):
Event: 0.362 Thread 0x14ca2800   21             java.io.WinNTFileSystem::isSlash (18 bytes)
Event: 0.362 Thread 0x14ca2800 nmethod 21 0x0273e8c8 code [0x0273e9c0, 0x0273ea70]
Event: 0.367 Thread 0x14ca2800   22             java.io.BufferedInputStream::getBufIfOpen (21 bytes)
Event: 0.367 Thread 0x14ca2800 nmethod 22 0x0273eac8 code [0x0273ebd0, 0x0273eccc]
Event: 0.367 Thread 0x14ca2800   23  s          java.io.BufferedInputStream::read (49 bytes)
Event: 0.367 Thread 0x14ca2800 nmethod 23 0x0273ed88 code [0x0273eeb0, 0x0273f1a8]
Event: 0.369 Thread 0x14ca2800   24             java.util.StringTokenizer::scanToken (179 bytes)
Event: 0.370 Thread 0x14ca2800 nmethod 24 0x0273f348 code [0x0273f4d0, 0x0273f8e8]
Event: 8.425 Thread 0x14ca2800   25             java.lang.String::startsWith (72 bytes)
Event: 8.425 Thread 0x14ca2800 nmethod 25 0x027401c8 code [0x027402d0, 0x02740410]

GC Heap History (0 events):
No events

Deoptimization events (0 events):
No events

Internal exceptions (6 events):
Event: 0.043 Thread 0x010ac800 Exception <a 'java/lang/NoSuchMethodError': Method sun.misc.Unsafe.defineClass(Ljava/lang/String;[BII)Ljava/lang/Class; name or signature does not match> (0x04806ea8) thrown at [C:\workspace\8-2-build-windows-i586-cygwin\jdk8u77\6540\hotspot\src\share\vm\p½l²ç=¦?
Event: 0.043 Thread 0x010ac800 Exception <a 'java/lang/NoSuchMethodError': Method sun.misc.Unsafe.prefetchRead(Ljava/lang/Object;J)V name or signature does not match> (0x04807178) thrown at [C:\workspace\8-2-build-windows-i586-cygwin\jdk8u77\6540\hotspot\src\share\vm\prims\jni.cpp, line \n!Ï"×?
Event: 0.361 Thread 0x010ac800 Exception <a 'java/security/PrivilegedActionException'> (0x048b5d00) thrown at [C:\workspace\8-2-build-windows-i586-cygwin\jdk8u77\6540\hotspot\src\share\vm\prims\jvm.cpp, line 1386]
Event: 0.362 Thread 0x010ac800 Exception <a 'java/security/PrivilegedActionException'> (0x048b60e0) thrown at [C:\workspace\8-2-build-windows-i586-cygwin\jdk8u77\6540\hotspot\src\share\vm\prims\jvm.cpp, line 1386]
Event: 0.362 Thread 0x010ac800 Exception <a 'java/security/PrivilegedActionException'> (0x048ba0a8) thrown at [C:\workspace\8-2-build-windows-i586-cygwin\jdk8u77\6540\hotspot\src\share\vm\prims\jvm.cpp, line 1386]
Event: 0.362 Thread 0x010ac800 Exception <a 'java/security/PrivilegedActionException'> (0x048ba488) thrown at [C:\workspace\8-2-build-windows-i586-cygwin\jdk8u77\6540\hotspot\src\share\vm\prims\jvm.cpp, line 1386]

Events (10 events):
Event: 61443.030 Executing VM operation: EnterInterpOnlyMode
Event: 61443.030 Executing VM operation: EnterInterpOnlyMode done
Event: 61443.030 Executing VM operation: ChangeSingleStep
Event: 61443.030 Executing VM operation: ChangeSingleStep done
Event: 61443.030 Executing VM operation: ChangeSingleStep
Event: 61443.031 Executing VM operation: ChangeSingleStep done
Event: 61443.475 Executing VM operation: RedefineClasses
Event: 61443.477 Executing VM operation: RedefineClasses done
Event: 343029.338 Executing VM operation: RedefineClasses
Event: 343029.340 Executing VM operation: RedefineClasses done


Dynamic libraries:
0x01150000 - 0x01183000 	C:\Program Files (x86)\Java\jre1.8.0_77\bin\javaw.exe
0x77db0000 - 0x77f33000 	C:\WINDOWS\SYSTEM32\ntdll.dll
0x778a0000 - 0x77980000 	C:\WINDOWS\System32\KERNEL32.DLL
0x77090000 - 0x77231000 	C:\WINDOWS\System32\KERNELBASE.dll
0x74c00000 - 0x74c77000 	C:\WINDOWS\System32\ADVAPI32.dll
0x75070000 - 0x7512e000 	C:\WINDOWS\System32\msvcrt.dll
0x74ac0000 - 0x74b01000 	C:\WINDOWS\System32\sechost.dll
0x759e0000 - 0x75aa1000 	C:\WINDOWS\System32\RPCRT4.dll
0x74870000 - 0x7488e000 	C:\WINDOWS\System32\SspiCli.dll
0x74860000 - 0x7486a000 	C:\WINDOWS\System32\CRYPTBASE.dll
0x777e0000 - 0x7783a000 	C:\WINDOWS\System32\bcryptPrimitives.dll
0x74de0000 - 0x74f3f000 	C:\WINDOWS\System32\USER32.dll
0x74c90000 - 0x74ca5000 	C:\WINDOWS\System32\win32u.dll
0x75040000 - 0x7506b000 	C:\WINDOWS\System32\GDI32.dll
0x757e0000 - 0x7593a000 	C:\WINDOWS\System32\gdi32full.dll
0x72360000 - 0x7256a000 	C:\WINDOWS\WinSxS\x86_microsoft.windows.common-controls_6595b64144ccf1df_6.0.14393.953_none_89c2555adb023171\COMCTL32.dll
0x75220000 - 0x75431000 	C:\WINDOWS\System32\combase.dll
0x75130000 - 0x75210000 	C:\WINDOWS\System32\ucrtbase.dll
0x77240000 - 0x77265000 	C:\WINDOWS\System32\IMM32.DLL
0x6ed90000 - 0x6ee4f000 	C:\Program Files (x86)\Java\jre1.8.0_77\bin\msvcr100.dll
0x6c9c0000 - 0x6cd88000 	C:\Program Files (x86)\Java\jre1.8.0_77\bin\client\jvm.dll
0x77890000 - 0x77896000 	C:\WINDOWS\System32\PSAPI.DLL
0x71a20000 - 0x71a28000 	C:\WINDOWS\SYSTEM32\WSOCK32.dll
0x6f300000 - 0x6f324000 	C:\WINDOWS\SYSTEM32\WINMM.dll
0x6f2d0000 - 0x6f2f3000 	C:\WINDOWS\SYSTEM32\WINMMBASE.dll
0x74800000 - 0x74808000 	C:\WINDOWS\SYSTEM32\VERSION.dll
0x74cb0000 - 0x74ce6000 	C:\WINDOWS\System32\cfgmgr32.dll
0x75630000 - 0x75693000 	C:\WINDOWS\System32\WS2_32.dll
0x73700000 - 0x7370c000 	C:\Program Files (x86)\Java\jre1.8.0_77\bin\verify.dll
0x73550000 - 0x73571000 	C:\Program Files (x86)\Java\jre1.8.0_77\bin\java.dll
0x6ab40000 - 0x6ab69000 	C:\Program Files (x86)\Java\jre1.8.0_77\bin\jdwp.dll
0x73260000 - 0x73267000 	C:\Program Files (x86)\Java\jre1.8.0_77\bin\npt.dll
0x735b0000 - 0x735c3000 	C:\Program Files (x86)\Java\jre1.8.0_77\bin\zip.dll
0x75b40000 - 0x76f18000 	C:\WINDOWS\System32\SHELL32.dll
0x77270000 - 0x777de000 	C:\WINDOWS\System32\windows.storage.dll
0x77840000 - 0x77885000 	C:\WINDOWS\System32\powrprof.dll
0x74a70000 - 0x74ab6000 	C:\WINDOWS\System32\shlwapi.dll
0x75440000 - 0x7544d000 	C:\WINDOWS\System32\kernel.appcore.dll
0x74d50000 - 0x74dd8000 	C:\WINDOWS\System32\shcore.dll
0x75210000 - 0x7521f000 	C:\WINDOWS\System32\profapi.dll
0x727e0000 - 0x727e8000 	C:\Program Files (x86)\Java\jre1.8.0_77\bin\dt_socket.dll
0x73630000 - 0x73642000 	C:\WINDOWS\system32\napinsp.dll
0x73610000 - 0x73626000 	C:\WINDOWS\system32\pnrpnsp.dll
0x735f0000 - 0x73604000 	C:\WINDOWS\system32\NLAapi.dll
0x72ad0000 - 0x72b1e000 	C:\WINDOWS\System32\mswsock.dll
0x72b70000 - 0x72bed000 	C:\WINDOWS\SYSTEM32\DNSAPI.dll
0x74d40000 - 0x74d47000 	C:\WINDOWS\System32\NSI.dll
0x74340000 - 0x7436f000 	C:\WINDOWS\SYSTEM32\IPHLPAPI.DLL
0x738a0000 - 0x738ac000 	C:\WINDOWS\System32\winrnr.dll
0x73a90000 - 0x73ab1000 	C:\Program Files (x86)\Bonjour\mdnsNSP.dll
0x735d0000 - 0x735e1000 	C:\WINDOWS\System32\wshbth.dll
0x72b20000 - 0x72b69000 	C:\WINDOWS\System32\fwpuclnt.dll
0x74080000 - 0x7409b000 	C:\WINDOWS\SYSTEM32\bcrypt.dll
0x73530000 - 0x73538000 	C:\Windows\System32\rasadhlp.dll
0x73e00000 - 0x73f45000 	C:\WINDOWS\SYSTEM32\dbghelp.dll

VM Arguments:
jvm_args: -agentlib:jdwp=transport=dt_socket,suspend=y,address=localhost:59857 -Dfile.encoding=UTF-8 
java_command: CompetitionProgram
java_class_path (initial): C:\Users\A\workspace\Competition Directory\bin
Launcher Type: SUN_STANDARD

Environment Variables:
JAVA_HOME=C:\PROGRA~1\Java\JDK-8U~1.EXE
PATH=C:/Program Files/Java/jre1.8.0_101/bin/server;C:/Program Files/Java/jre1.8.0_101/bin;C:/Program Files/Java/jre1.8.0_101/lib/amd64;C:\Python35-32\Scripts\;C:\Python35-32\;C:\ProgramData\Oracle\Java\javapath;C:\Program Files (x86)\Intel\iCLS Client\;C:\Program Files\Intel\iCLS Client\;C:\WINDOWS\system32;C:\WINDOWS;C:\WINDOWS\System32\Wbem;C:\WINDOWS\System32\WindowsPowerShell\v1.0\;C:\Program Files (x86)\Intel\Intel(R) Management Engine Components\DAL;C:\Program Files\Intel\Intel(R) Management Engine Components\DAL;C:\Program Files (x86)\Intel\Intel(R) Management Engine Components\IPT;C:\Program Files\Intel\Intel(R) Management Engine Components\IPT;C:\Program Files (x86)\Skype\Phone\;C:\Program Files\Microsoft SQL Server\130\Tools\Binn\;C:\Users\A\python;C:\WINDOWS\system32\config\systemprofile\.dnx\bin;C:\Program Files\Microsoft DNX\Dnvm\;C:\Program Files (x86)\Windows Kits\8.1\Windows Performance Toolkit\;C:\Program Files\TortoiseSVN\bin;C:\Program Files\Git\cmd;C:\Program Files (x86)\Brackets\command;C:\Program Files (x86)\Microsoft VS Code\bin;C:\SDL2-devel-2.0.5-VC\SDL2-2.0.5\lib\x86;%USERPROFILE%\AppData\Local\Microsoft\WindowsApps;;C:\WINDOWS\system32;
USERNAME=A
OS=Windows_NT
PROCESSOR_IDENTIFIER=Intel64 Family 6 Model 78 Stepping 3, GenuineIntel



---------------  S Y S T E M  ---------------

OS: Windows 10.0 , 64 bit Build 14393 (10.0.14393.1198)

CPU:total 4 (2 cores per cpu, 2 threads per core) family 6 model 78 stepping 3, cmov, cx8, fxsr, mmx, sse, sse2, sse3, ssse3, sse4.1, sse4.2, popcnt, avx, avx2, aes, clmul, erms, 3dnowpref, lzcnt, ht, tsc, tscinvbit, bmi1, bmi2, adx

Memory: 4k page, physical 8299936k(2206568k free), swap 16599872k(5227484k free)

vm_info: Java HotSpot(TM) Client VM (25.77-b03) for windows-x86 JRE (1.8.0_77-b03), built on Mar 20 2016 22:00:03 by "java_re" with MS VC++ 10.0 (VS2010)

time: Sun Jul 02 21:38:31 2017
elapsed time: 343029 seconds (3d 23h 17m 9s)

